Case #1: AB AB
Case #2: A A B C A BC
Case #3: C A BC
Case #4: B A B A BC
Case #5: B A B A B C A BC
Case #6: A B A BC
Case #7: A A B A B C A BC
Case #8: A B A B A BC
Case #9: AB
Case #10: B C B C B C A BC
Case #11: A C A B C A BC
Case #12: A C A C A C A BC
Case #13: C A C A C A BC
Case #14: C B C B C A BC
Case #15: AB AB AB
Case #16: B A B A B A BC
Case #17: A C A BC
Case #18: B B C A BC
Case #19: A B A B C A BC
Case #20: C B C A BC
Case #21: A A C A C A BC
Case #22: A B A B A B A BC
Case #23: A BC
Case #24: A A B A B A BC
Case #25: B C A BC
Case #26: AB AB AB AB
Case #27: C A B C A BC
Case #28: B B C A B C A BC
Case #29: A A C A B C A BC
Case #30: A A BC
Case #31: A C A C A BC
Case #32: C A C A BC
Case #33: C C A B C A BC
Case #34: B B C B C A BC
Case #35: B C A B C A BC
Case #36: B C B C A BC
Case #37: A B C A BC
Case #38: A A B A BC
Case #39: B A B C A BC
Case #40: A A C A BC
Case #41: B B A B C A BC
Case #42: A A A B C A BC
Case #43: A B C A B C A BC
Case #44: B A BC
Case #45: C A C A B C A BC
Case #46: C B C A B C A BC
