Case #1: POSSIBLE
01110
00110
00010
00001
00000
Case #2: POSSIBLE
01
00
Case #3: IMPOSSIBLE
Case #4: POSSIBLE
0111000
0011001
0001001
0000001
0000000
0000000
0000000
Case #5: POSSIBLE
01111111111111111111111111111111111111111111111110
00111111111111111111111111111111111111111111111111
00011111111111111111111111111111111111111111111110
00001111111111111111111111111111111111111111111111
00000111111111111111111111111111111111111111111110
00000011111111111111111111111111111111111111111110
00000001111111111111111111111111111111111111111111
00000000111111111111111111111111111111111111111110
00000000011111111111111111111111111111111111111110
00000000001111111111111111111111111111111111111111
00000000000111111111111111111111111111111111111111
00000000000011111111111111111111111111111111111111
00000000000001111111111111111111111111111111111111
00000000000000111111111111111111111111111111111111
00000000000000011111111111111111111111111111111111
00000000000000001111111111111111111111111111111111
00000000000000000111111111111111111111111111111110
00000000000000000011111111111111111111111111111110
00000000000000000001111111111111111111111111111111
00000000000000000000111111111111111111111111111111
00000000000000000000011111111111111111111111111111
00000000000000000000001111111111111111111111111111
00000000000000000000000111111111111111111111111110
00000000000000000000000011111111111111111111111110
00000000000000000000000001111111111111111111111111
00000000000000000000000000111111111111111111111111
00000000000000000000000000011111111111111111111110
00000000000000000000000000001111111111111111111111
00000000000000000000000000000111111111111111111110
00000000000000000000000000000011111111111111111110
00000000000000000000000000000001111111111111111111
00000000000000000000000000000000111111111111111110
00000000000000000000000000000000011111111111111110
00000000000000000000000000000000001111111111111110
00000000000000000000000000000000000111111111111111
00000000000000000000000000000000000011111111111110
00000000000000000000000000000000000001111111111111
00000000000000000000000000000000000000111111111111
00000000000000000000000000000000000000011111111111
00000000000000000000000000000000000000001111111110
00000000000000000000000000000000000000000111111110
00000000000000000000000000000000000000000011111110
00000000000000000000000000000000000000000001111111
00000000000000000000000000000000000000000000111111
00000000000000000000000000000000000000000000011111
00000000000000000000000000000000000000000000001111
00000000000000000000000000000000000000000000000111
00000000000000000000000000000000000000000000000011
00000000000000000000000000000000000000000000000001
00000000000000000000000000000000000000000000000000
Case #6: POSSIBLE
0111111111111111111000000
0011111111111111111000001
0001111111111111111000000
0000111111111111111000001
0000011111111111111000001
0000001111111111111000000
0000000111111111111000001
0000000011111111111000001
0000000001111111111000000
0000000000111111111000000
0000000000011111111000001
0000000000001111111000000
0000000000000111111000001
0000000000000011111000001
0000000000000001111000000
0000000000000000111000001
0000000000000000011000001
0000000000000000001000001
0000000000000000000000001
0000000000000000000000000
0000000000000000000000000
0000000000000000000000000
0000000000000000000000000
0000000000000000000000000
0000000000000000000000000
Case #7: POSSIBLE
0111110
0011111
0001111
0000110
0000011
0000001
0000000
Case #8: POSSIBLE
0111100
0011100
0001101
0000100
0000001
0000000
0000000
Case #9: POSSIBLE
0111100
0011100
0001100
0000101
0000001
0000000
0000000
Case #10: POSSIBLE
01111111111111111111111111111111111111111111111110
00111111111111111111111111111111111111111111111110
00011111111111111111111111111111111111111111111110
00001111111111111111111111111111111111111111111111
00000111111111111111111111111111111111111111111111
00000011111111111111111111111111111111111111111110
00000001111111111111111111111111111111111111111111
00000000111111111111111111111111111111111111111111
00000000011111111111111111111111111111111111111110
00000000001111111111111111111111111111111111111110
00000000000111111111111111111111111111111111111111
00000000000011111111111111111111111111111111111110
00000000000001111111111111111111111111111111111110
00000000000000111111111111111111111111111111111110
00000000000000011111111111111111111111111111111110
00000000000000001111111111111111111111111111111110
00000000000000000111111111111111111111111111111110
00000000000000000011111111111111111111111111111111
00000000000000000001111111111111111111111111111110
00000000000000000000111111111111111111111111111111
00000000000000000000011111111111111111111111111111
00000000000000000000001111111111111111111111111110
00000000000000000000000111111111111111111111111110
00000000000000000000000011111111111111111111111111
00000000000000000000000001111111111111111111111110
00000000000000000000000000111111111111111111111111
00000000000000000000000000011111111111111111111110
00000000000000000000000000001111111111111111111111
00000000000000000000000000000111111111111111111111
00000000000000000000000000000011111111111111111111
00000000000000000000000000000001111111111111111110
00000000000000000000000000000000111111111111111111
00000000000000000000000000000000011111111111111110
00000000000000000000000000000000001111111111111111
00000000000000000000000000000000000111111111111111
00000000000000000000000000000000000011111111111110
00000000000000000000000000000000000001111111111111
00000000000000000000000000000000000000111111111110
00000000000000000000000000000000000000011111111111
00000000000000000000000000000000000000001111111111
00000000000000000000000000000000000000000111111110
00000000000000000000000000000000000000000011111110
00000000000000000000000000000000000000000001111111
00000000000000000000000000000000000000000000111110
00000000000000000000000000000000000000000000011110
00000000000000000000000000000000000000000000001110
00000000000000000000000000000000000000000000000110
00000000000000000000000000000000000000000000000010
00000000000000000000000000000000000000000000000001
00000000000000000000000000000000000000000000000000
Case #11: POSSIBLE
0111111111111110
0011111111111111
0001111111111111
0000111111111110
0000011111111111
0000001111111111
0000000111111110
0000000011111110
0000000001111110
0000000000111110
0000000000011111
0000000000001111
0000000000000111
0000000000000011
0000000000000001
0000000000000000
Case #12: POSSIBLE
01111111111111111111111111111111111111111110
00111111111111111111111111111111111111111110
00011111111111111111111111111111111111111110
00001111111111111111111111111111111111111111
00000111111111111111111111111111111111111110
00000011111111111111111111111111111111111111
00000001111111111111111111111111111111111111
00000000111111111111111111111111111111111111
00000000011111111111111111111111111111111110
00000000001111111111111111111111111111111111
00000000000111111111111111111111111111111110
00000000000011111111111111111111111111111110
00000000000001111111111111111111111111111110
00000000000000111111111111111111111111111110
00000000000000011111111111111111111111111110
00000000000000001111111111111111111111111110
00000000000000000111111111111111111111111110
00000000000000000011111111111111111111111110
00000000000000000001111111111111111111111110
00000000000000000000111111111111111111111111
00000000000000000000011111111111111111111110
00000000000000000000001111111111111111111110
00000000000000000000000111111111111111111110
00000000000000000000000011111111111111111110
00000000000000000000000001111111111111111111
00000000000000000000000000111111111111111110
00000000000000000000000000011111111111111111
00000000000000000000000000001111111111111111
00000000000000000000000000000111111111111111
00000000000000000000000000000011111111111111
00000000000000000000000000000001111111111111
00000000000000000000000000000000111111111111
00000000000000000000000000000000011111111110
00000000000000000000000000000000001111111111
00000000000000000000000000000000000111111111
00000000000000000000000000000000000011111110
00000000000000000000000000000000000001111111
00000000000000000000000000000000000000111110
00000000000000000000000000000000000000011110
00000000000000000000000000000000000000001110
00000000000000000000000000000000000000000110
00000000000000000000000000000000000000000010
00000000000000000000000000000000000000000001
00000000000000000000000000000000000000000000
Case #13: POSSIBLE
0111111111110
0011111111111
0001111111111
0000111111110
0000011111111
0000001111110
0000000111110
0000000011110
0000000001110
0000000000111
0000000000010
0000000000001
0000000000000
Case #14: IMPOSSIBLE
Case #15: POSSIBLE
0111111111111111111111111111111111111111111111110
0011111111111111111111111111111111111111111111111
0001111111111111111111111111111111111111111111110
0000111111111111111111111111111111111111111111110
0000011111111111111111111111111111111111111111110
0000001111111111111111111111111111111111111111111
0000000111111111111111111111111111111111111111110
0000000011111111111111111111111111111111111111111
0000000001111111111111111111111111111111111111111
0000000000111111111111111111111111111111111111111
0000000000011111111111111111111111111111111111110
0000000000001111111111111111111111111111111111110
0000000000000111111111111111111111111111111111110
0000000000000011111111111111111111111111111111111
0000000000000001111111111111111111111111111111111
0000000000000000111111111111111111111111111111110
0000000000000000011111111111111111111111111111111
0000000000000000001111111111111111111111111111111
0000000000000000000111111111111111111111111111111
0000000000000000000011111111111111111111111111110
0000000000000000000001111111111111111111111111110
0000000000000000000000111111111111111111111111110
0000000000000000000000011111111111111111111111111
0000000000000000000000001111111111111111111111110
0000000000000000000000000111111111111111111111111
0000000000000000000000000011111111111111111111111
0000000000000000000000000001111111111111111111111
0000000000000000000000000000111111111111111111111
0000000000000000000000000000011111111111111111110
0000000000000000000000000000001111111111111111111
0000000000000000000000000000000111111111111111110
0000000000000000000000000000000011111111111111111
0000000000000000000000000000000001111111111111111
0000000000000000000000000000000000111111111111110
0000000000000000000000000000000000011111111111111
0000000000000000000000000000000000001111111111110
0000000000000000000000000000000000000111111111110
0000000000000000000000000000000000000011111111111
0000000000000000000000000000000000000001111111110
0000000000000000000000000000000000000000111111111
0000000000000000000000000000000000000000011111111
0000000000000000000000000000000000000000001111111
0000000000000000000000000000000000000000000111110
0000000000000000000000000000000000000000000011111
0000000000000000000000000000000000000000000001110
0000000000000000000000000000000000000000000000110
0000000000000000000000000000000000000000000000010
0000000000000000000000000000000000000000000000001
0000000000000000000000000000000000000000000000000
Case #16: POSSIBLE
0100
0001
0000
0000
Case #17: POSSIBLE
01111110
00111111
00011111
00001111
00000111
00000010
00000001
00000000
Case #18: POSSIBLE
0111110
0011111
0001110
0000110
0000010
0000001
0000000
Case #19: IMPOSSIBLE
Case #20: POSSIBLE
01111110
00111110
00011110
00001111
00000111
00000010
00000001
00000000
Case #21: POSSIBLE
011111111111111111100
001111111111111111100
000111111111111111101
000011111111111111100
000001111111111111100
000000111111111111100
000000011111111111101
000000001111111111101
000000000111111111101
000000000011111111100
000000000001111111101
000000000000111111101
000000000000011111101
000000000000001111100
000000000000000111100
000000000000000011101
000000000000000001100
000000000000000000101
000000000000000000001
000000000000000000000
000000000000000000000
Case #22: POSSIBLE
0111110
0011110
0001111
0000110
0000011
0000001
0000000
Case #23: POSSIBLE
01111111111111111111111111100
00111111111111111111111111100
00011111111111111111111111101
00001111111111111111111111101
00000111111111111111111111101
00000011111111111111111111101
00000001111111111111111111101
00000000111111111111111111101
00000000011111111111111111100
00000000001111111111111111100
00000000000111111111111111101
00000000000011111111111111100
00000000000001111111111111101
00000000000000111111111111100
00000000000000011111111111101
00000000000000001111111111101
00000000000000000111111111100
00000000000000000011111111100
00000000000000000001111111100
00000000000000000000111111101
00000000000000000000011111100
00000000000000000000001111101
00000000000000000000000111101
00000000000000000000000011101
00000000000000000000000001101
00000000000000000000000000101
00000000000000000000000000001
00000000000000000000000000000
00000000000000000000000000000
Case #24: POSSIBLE
0111111111110
0011111111110
0001111111111
0000111111110
0000011111110
0000001111110
0000000111110
0000000011111
0000000001111
0000000000110
0000000000010
0000000000001
0000000000000
Case #25: POSSIBLE
01111111111111111111111111111111100
00111111111111111111111111111111100
00011111111111111111111111111111101
00001111111111111111111111111111100
00000111111111111111111111111111101
00000011111111111111111111111111101
00000001111111111111111111111111100
00000000111111111111111111111111100
00000000011111111111111111111111101
00000000001111111111111111111111101
00000000000111111111111111111111100
00000000000011111111111111111111100
00000000000001111111111111111111100
00000000000000111111111111111111100
00000000000000011111111111111111101
00000000000000001111111111111111100
00000000000000000111111111111111101
00000000000000000011111111111111101
00000000000000000001111111111111101
00000000000000000000111111111111101
00000000000000000000011111111111101
00000000000000000000001111111111100
00000000000000000000000111111111101
00000000000000000000000011111111100
00000000000000000000000001111111101
00000000000000000000000000111111101
00000000000000000000000000011111100
00000000000000000000000000001111100
00000000000000000000000000000111101
00000000000000000000000000000011100
00000000000000000000000000000001101
00000000000000000000000000000000101
00000000000000000000000000000000001
00000000000000000000000000000000000
00000000000000000000000000000000000
Case #26: POSSIBLE
01111111111111111111111111111111100
00111111111111111111111111111111100
00011111111111111111111111111111100
00001111111111111111111111111111101
00000111111111111111111111111111100
00000011111111111111111111111111100
00000001111111111111111111111111101
00000000111111111111111111111111101
00000000011111111111111111111111101
00000000001111111111111111111111100
00000000000111111111111111111111100
00000000000011111111111111111111100
00000000000001111111111111111111101
00000000000000111111111111111111100
00000000000000011111111111111111100
00000000000000001111111111111111100
00000000000000000111111111111111100
00000000000000000011111111111111101
00000000000000000001111111111111100
00000000000000000000111111111111101
00000000000000000000011111111111100
00000000000000000000001111111111101
00000000000000000000000111111111100
00000000000000000000000011111111101
00000000000000000000000001111111101
00000000000000000000000000111111101
00000000000000000000000000011111100
00000000000000000000000000001111100
00000000000000000000000000000111101
00000000000000000000000000000011100
00000000000000000000000000000001100
00000000000000000000000000000000101
00000000000000000000000000000000001
00000000000000000000000000000000000
00000000000000000000000000000000000
Case #27: POSSIBLE
0111100
0011101
0001100
0000101
0000001
0000000
0000000
Case #28: IMPOSSIBLE
Case #29: POSSIBLE
0111110
0011110
0001111
0000111
0000011
0000001
0000000
Case #30: POSSIBLE
0111110
0011111
0001110
0000110
0000011
0000001
0000000
Case #31: POSSIBLE
01111111111111100
00111111111111101
00011111111111100
00001111111111100
00000111111111101
00000011111111100
00000001111111101
00000000111111101
00000000011111101
00000000001111101
00000000000111101
00000000000011100
00000000000001101
00000000000000101
00000000000000001
00000000000000000
00000000000000000
Case #32: POSSIBLE
0100000
0000001
0000000
0000000
0000000
0000000
0000000
Case #33: POSSIBLE
0111100
0011101
0001101
0000101
0000001
0000000
0000000
Case #34: POSSIBLE
0111110
0011110
0001110
0000110
0000010
0000001
0000000
Case #35: POSSIBLE
01111111111111111111111111000
00111111111111111111111111000
00011111111111111111111111001
00001111111111111111111111000
00000111111111111111111111000
00000011111111111111111111000
00000001111111111111111111000
00000000111111111111111111000
00000000011111111111111111001
00000000001111111111111111001
00000000000111111111111111000
00000000000011111111111111000
00000000000001111111111111000
00000000000000111111111111001
00000000000000011111111111000
00000000000000001111111111001
00000000000000000111111111000
00000000000000000011111111000
00000000000000000001111111000
00000000000000000000111111001
00000000000000000000011111001
00000000000000000000001111000
00000000000000000000000111000
00000000000000000000000011001
00000000000000000000000001000
00000000000000000000000000001
00000000000000000000000000000
00000000000000000000000000000
00000000000000000000000000000
Case #36: POSSIBLE
0111110
0011111
0001111
0000111
0000011
0000001
0000000
Case #37: POSSIBLE
0111111111111111111111111111111111100000
0011111111111111111111111111111111100000
0001111111111111111111111111111111100001
0000111111111111111111111111111111100000
0000011111111111111111111111111111100000
0000001111111111111111111111111111100001
0000000111111111111111111111111111100000
0000000011111111111111111111111111100001
0000000001111111111111111111111111100000
0000000000111111111111111111111111100000
0000000000011111111111111111111111100001
0000000000001111111111111111111111100001
0000000000000111111111111111111111100000
0000000000000011111111111111111111100001
0000000000000001111111111111111111100001
0000000000000000111111111111111111100000
0000000000000000011111111111111111100001
0000000000000000001111111111111111100000
0000000000000000000111111111111111100001
0000000000000000000011111111111111100001
0000000000000000000001111111111111100000
0000000000000000000000111111111111100001
0000000000000000000000011111111111100000
0000000000000000000000001111111111100001
0000000000000000000000000111111111100000
0000000000000000000000000011111111100000
0000000000000000000000000001111111100000
0000000000000000000000000000111111100001
0000000000000000000000000000011111100001
0000000000000000000000000000001111100001
0000000000000000000000000000000111100000
0000000000000000000000000000000011100000
0000000000000000000000000000000001100000
0000000000000000000000000000000000100001
0000000000000000000000000000000000000001
0000000000000000000000000000000000000000
0000000000000000000000000000000000000000
0000000000000000000000000000000000000000
0000000000000000000000000000000000000000
0000000000000000000000000000000000000000
Case #38: POSSIBLE
01000000000000000000000000000000000000000000000000
00000000000000000000000000000000000000000000000001
00000000000000000000000000000000000000000000000000
00000000000000000000000000000000000000000000000000
00000000000000000000000000000000000000000000000000
00000000000000000000000000000000000000000000000000
00000000000000000000000000000000000000000000000000
00000000000000000000000000000000000000000000000000
00000000000000000000000000000000000000000000000000
00000000000000000000000000000000000000000000000000
00000000000000000000000000000000000000000000000000
00000000000000000000000000000000000000000000000000
00000000000000000000000000000000000000000000000000
00000000000000000000000000000000000000000000000000
00000000000000000000000000000000000000000000000000
00000000000000000000000000000000000000000000000000
00000000000000000000000000000000000000000000000000
00000000000000000000000000000000000000000000000000
00000000000000000000000000000000000000000000000000
00000000000000000000000000000000000000000000000000
00000000000000000000000000000000000000000000000000
00000000000000000000000000000000000000000000000000
00000000000000000000000000000000000000000000000000
00000000000000000000000000000000000000000000000000
00000000000000000000000000000000000000000000000000
00000000000000000000000000000000000000000000000000
00000000000000000000000000000000000000000000000000
00000000000000000000000000000000000000000000000000
00000000000000000000000000000000000000000000000000
00000000000000000000000000000000000000000000000000
00000000000000000000000000000000000000000000000000
00000000000000000000000000000000000000000000000000
00000000000000000000000000000000000000000000000000
00000000000000000000000000000000000000000000000000
00000000000000000000000000000000000000000000000000
00000000000000000000000000000000000000000000000000
00000000000000000000000000000000000000000000000000
00000000000000000000000000000000000000000000000000
00000000000000000000000000000000000000000000000000
00000000000000000000000000000000000000000000000000
00000000000000000000000000000000000000000000000000
00000000000000000000000000000000000000000000000000
00000000000000000000000000000000000000000000000000
00000000000000000000000000000000000000000000000000
00000000000000000000000000000000000000000000000000
00000000000000000000000000000000000000000000000000
00000000000000000000000000000000000000000000000000
00000000000000000000000000000000000000000000000000
00000000000000000000000000000000000000000000000000
00000000000000000000000000000000000000000000000000
Case #39: POSSIBLE
0111110
0011110
0001110
0000111
0000011
0000001
0000000
Case #40: POSSIBLE
011111111111111111111110
001111111111111111111110
000111111111111111111110
000011111111111111111111
000001111111111111111110
000000111111111111111111
000000011111111111111110
000000001111111111111111
000000000111111111111110
000000000011111111111110
000000000001111111111111
000000000000111111111110
000000000000011111111110
000000000000001111111110
000000000000000111111111
000000000000000011111111
000000000000000001111111
000000000000000000111110
000000000000000000011111
000000000000000000001111
000000000000000000000110
000000000000000000000011
000000000000000000000001
000000000000000000000000
Case #41: IMPOSSIBLE
Case #42: POSSIBLE
0111100
0011100
0001101
0000101
0000001
0000000
0000000
Case #43: IMPOSSIBLE
Case #44: POSSIBLE
0110
0011
0001
0000
Case #45: POSSIBLE
011111111111111100
001111111111111100
000111111111111101
000011111111111100
000001111111111101
000000111111111100
000000011111111100
000000001111111101
000000000111111101
000000000011111101
000000000001111101
000000000000111101
000000000000011100
000000000000001101
000000000000000101
000000000000000001
000000000000000000
000000000000000000
Case #46: IMPOSSIBLE
Case #47: POSSIBLE
011111111111111111111111111110
001111111111111111111111111110
000111111111111111111111111111
000011111111111111111111111110
000001111111111111111111111111
000000111111111111111111111111
000000011111111111111111111110
000000001111111111111111111111
000000000111111111111111111111
000000000011111111111111111111
000000000001111111111111111111
000000000000111111111111111111
000000000000011111111111111111
000000000000001111111111111110
000000000000000111111111111111
000000000000000011111111111110
000000000000000001111111111111
000000000000000000111111111111
000000000000000000011111111110
000000000000000000001111111110
000000000000000000000111111111
000000000000000000000011111111
000000000000000000000001111110
000000000000000000000000111110
000000000000000000000000011110
000000000000000000000000001110
000000000000000000000000000111
000000000000000000000000000011
000000000000000000000000000001
000000000000000000000000000000
Case #48: POSSIBLE
011111111110
001111111111
000111111110
000011111110
000001111110
000000111111
000000011110
000000001110
000000000111
000000000011
000000000001
000000000000
Case #49: POSSIBLE
01111111111111111111111111111111111111111110
00111111111111111111111111111111111111111111
00011111111111111111111111111111111111111110
00001111111111111111111111111111111111111111
00000111111111111111111111111111111111111110
00000011111111111111111111111111111111111110
00000001111111111111111111111111111111111110
00000000111111111111111111111111111111111111
00000000011111111111111111111111111111111110
00000000001111111111111111111111111111111111
00000000000111111111111111111111111111111110
00000000000011111111111111111111111111111111
00000000000001111111111111111111111111111110
00000000000000111111111111111111111111111111
00000000000000011111111111111111111111111111
00000000000000001111111111111111111111111111
00000000000000000111111111111111111111111111
00000000000000000011111111111111111111111110
00000000000000000001111111111111111111111110
00000000000000000000111111111111111111111110
00000000000000000000011111111111111111111111
00000000000000000000001111111111111111111110
00000000000000000000000111111111111111111111
00000000000000000000000011111111111111111111
00000000000000000000000001111111111111111111
00000000000000000000000000111111111111111111
00000000000000000000000000011111111111111110
00000000000000000000000000001111111111111110
00000000000000000000000000000111111111111110
00000000000000000000000000000011111111111111
00000000000000000000000000000001111111111110
00000000000000000000000000000000111111111110
00000000000000000000000000000000011111111110
00000000000000000000000000000000001111111110
00000000000000000000000000000000000111111111
00000000000000000000000000000000000011111111
00000000000000000000000000000000000001111110
00000000000000000000000000000000000000111110
00000000000000000000000000000000000000011111
00000000000000000000000000000000000000001110
00000000000000000000000000000000000000000111
00000000000000000000000000000000000000000011
00000000000000000000000000000000000000000001
00000000000000000000000000000000000000000000
Case #50: POSSIBLE
011111111111111111111111111111111111110
001111111111111111111111111111111111110
000111111111111111111111111111111111111
000011111111111111111111111111111111111
000001111111111111111111111111111111110
000000111111111111111111111111111111111
000000011111111111111111111111111111111
000000001111111111111111111111111111111
000000000111111111111111111111111111110
000000000011111111111111111111111111111
000000000001111111111111111111111111111
000000000000111111111111111111111111110
000000000000011111111111111111111111111
000000000000001111111111111111111111110
000000000000000111111111111111111111110
000000000000000011111111111111111111111
000000000000000001111111111111111111111
000000000000000000111111111111111111111
000000000000000000011111111111111111110
000000000000000000001111111111111111110
000000000000000000000111111111111111111
000000000000000000000011111111111111111
000000000000000000000001111111111111111
000000000000000000000000111111111111111
000000000000000000000000011111111111111
000000000000000000000000001111111111110
000000000000000000000000000111111111111
000000000000000000000000000011111111111
000000000000000000000000000001111111110
000000000000000000000000000000111111111
000000000000000000000000000000011111111
000000000000000000000000000000001111111
000000000000000000000000000000000111111
000000000000000000000000000000000011110
000000000000000000000000000000000001111
000000000000000000000000000000000000110
000000000000000000000000000000000000011
000000000000000000000000000000000000001
000000000000000000000000000000000000000
Case #51: POSSIBLE
0111110
0011110
0001110
0000110
0000011
0000001
0000000
Case #52: POSSIBLE
01111111111111111111111111111111111110
00111111111111111111111111111111111110
00011111111111111111111111111111111110
00001111111111111111111111111111111110
00000111111111111111111111111111111110
00000011111111111111111111111111111110
00000001111111111111111111111111111111
00000000111111111111111111111111111110
00000000011111111111111111111111111110
00000000001111111111111111111111111110
00000000000111111111111111111111111110
00000000000011111111111111111111111111
00000000000001111111111111111111111110
00000000000000111111111111111111111110
00000000000000011111111111111111111110
00000000000000001111111111111111111111
00000000000000000111111111111111111110
00000000000000000011111111111111111110
00000000000000000001111111111111111110
00000000000000000000111111111111111111
00000000000000000000011111111111111110
00000000000000000000001111111111111110
00000000000000000000000111111111111111
00000000000000000000000011111111111111
00000000000000000000000001111111111111
00000000000000000000000000111111111111
00000000000000000000000000011111111110
00000000000000000000000000001111111111
00000000000000000000000000000111111111
00000000000000000000000000000011111110
00000000000000000000000000000001111110
00000000000000000000000000000000111110
00000000000000000000000000000000011111
00000000000000000000000000000000001110
00000000000000000000000000000000000111
00000000000000000000000000000000000011
00000000000000000000000000000000000001
00000000000000000000000000000000000000
Case #53: POSSIBLE
01111111111110000000
00111111111110000000
00011111111110000000
00001111111110000000
00000111111110000001
00000011111110000001
00000001111110000000
00000000111110000000
00000000011110000000
00000000001110000000
00000000000110000000
00000000000010000001
00000000000000000001
00000000000000000000
00000000000000000000
00000000000000000000
00000000000000000000
00000000000000000000
00000000000000000000
00000000000000000000
Case #54: POSSIBLE
0111111111111111100
0011111111111111101
0001111111111111100
0000111111111111101
0000011111111111101
0000001111111111100
0000000111111111101
0000000011111111101
0000000001111111101
0000000000111111101
0000000000011111101
0000000000001111100
0000000000000111100
0000000000000011100
0000000000000001101
0000000000000000101
0000000000000000001
0000000000000000000
0000000000000000000
Case #55: IMPOSSIBLE
Case #56: POSSIBLE
0111111111111111111111111111111111111110
0011111111111111111111111111111111111110
0001111111111111111111111111111111111111
0000111111111111111111111111111111111110
0000011111111111111111111111111111111111
0000001111111111111111111111111111111110
0000000111111111111111111111111111111111
0000000011111111111111111111111111111110
0000000001111111111111111111111111111110
0000000000111111111111111111111111111110
0000000000011111111111111111111111111110
0000000000001111111111111111111111111110
0000000000000111111111111111111111111110
0000000000000011111111111111111111111110
0000000000000001111111111111111111111110
0000000000000000111111111111111111111110
0000000000000000011111111111111111111111
0000000000000000001111111111111111111110
0000000000000000000111111111111111111110
0000000000000000000011111111111111111111
0000000000000000000001111111111111111110
0000000000000000000000111111111111111111
0000000000000000000000011111111111111111
0000000000000000000000001111111111111110
0000000000000000000000000111111111111111
0000000000000000000000000011111111111111
0000000000000000000000000001111111111111
0000000000000000000000000000111111111111
0000000000000000000000000000011111111110
0000000000000000000000000000001111111111
0000000000000000000000000000000111111111
0000000000000000000000000000000011111110
0000000000000000000000000000000001111110
0000000000000000000000000000000000111111
0000000000000000000000000000000000011111
0000000000000000000000000000000000001110
0000000000000000000000000000000000000111
0000000000000000000000000000000000000010
0000000000000000000000000000000000000001
0000000000000000000000000000000000000000
Case #57: POSSIBLE
0111111111111111110
0011111111111111110
0001111111111111111
0000111111111111110
0000011111111111110
0000001111111111110
0000000111111111110
0000000011111111110
0000000001111111110
0000000000111111110
0000000000011111110
0000000000001111110
0000000000000111110
0000000000000011110
0000000000000001110
0000000000000000111
0000000000000000010
0000000000000000001
0000000000000000000
Case #58: IMPOSSIBLE
Case #59: POSSIBLE
011111110
001111110
000111111
000011111
000001110
000000111
000000011
000000001
000000000
Case #60: POSSIBLE
0111111111111111111111111000000
0011111111111111111111111000000
0001111111111111111111111000000
0000111111111111111111111000000
0000011111111111111111111000001
0000001111111111111111111000000
0000000111111111111111111000000
0000000011111111111111111000001
0000000001111111111111111000000
0000000000111111111111111000001
0000000000011111111111111000000
0000000000001111111111111000000
0000000000000111111111111000001
0000000000000011111111111000000
0000000000000001111111111000000
0000000000000000111111111000001
0000000000000000011111111000001
0000000000000000001111111000001
0000000000000000000111111000000
0000000000000000000011111000000
0000000000000000000001111000001
0000000000000000000000111000001
0000000000000000000000011000000
0000000000000000000000001000001
0000000000000000000000000000001
0000000000000000000000000000000
0000000000000000000000000000000
0000000000000000000000000000000
0000000000000000000000000000000
0000000000000000000000000000000
0000000000000000000000000000000
Case #61: POSSIBLE
011111111111111111111111111111111111100
001111111111111111111111111111111111100
000111111111111111111111111111111111100
000011111111111111111111111111111111100
000001111111111111111111111111111111100
000000111111111111111111111111111111100
000000011111111111111111111111111111101
000000001111111111111111111111111111101
000000000111111111111111111111111111101
000000000011111111111111111111111111101
000000000001111111111111111111111111100
000000000000111111111111111111111111101
000000000000011111111111111111111111101
000000000000001111111111111111111111101
000000000000000111111111111111111111100
000000000000000011111111111111111111100
000000000000000001111111111111111111101
000000000000000000111111111111111111100
000000000000000000011111111111111111100
000000000000000000001111111111111111101
000000000000000000000111111111111111100
000000000000000000000011111111111111100
000000000000000000000001111111111111101
000000000000000000000000111111111111100
000000000000000000000000011111111111100
000000000000000000000000001111111111101
000000000000000000000000000111111111101
000000000000000000000000000011111111100
000000000000000000000000000001111111100
000000000000000000000000000000111111101
000000000000000000000000000000011111100
000000000000000000000000000000001111100
000000000000000000000000000000000111101
000000000000000000000000000000000011101
000000000000000000000000000000000001100
000000000000000000000000000000000000101
000000000000000000000000000000000000001
000000000000000000000000000000000000000
000000000000000000000000000000000000000
Case #62: POSSIBLE
0110000
0010000
0000001
0000000
0000000
0000000
0000000
Case #63: POSSIBLE
01111111111111111111111111111111111111111111111110
00111111111111111111111111111111111111111111111110
00011111111111111111111111111111111111111111111110
00001111111111111111111111111111111111111111111110
00000111111111111111111111111111111111111111111110
00000011111111111111111111111111111111111111111110
00000001111111111111111111111111111111111111111110
00000000111111111111111111111111111111111111111110
00000000011111111111111111111111111111111111111110
00000000001111111111111111111111111111111111111110
00000000000111111111111111111111111111111111111110
00000000000011111111111111111111111111111111111110
00000000000001111111111111111111111111111111111110
00000000000000111111111111111111111111111111111110
00000000000000011111111111111111111111111111111110
00000000000000001111111111111111111111111111111110
00000000000000000111111111111111111111111111111110
00000000000000000011111111111111111111111111111110
00000000000000000001111111111111111111111111111110
00000000000000000000111111111111111111111111111110
00000000000000000000011111111111111111111111111110
00000000000000000000001111111111111111111111111110
00000000000000000000000111111111111111111111111110
00000000000000000000000011111111111111111111111110
00000000000000000000000001111111111111111111111110
00000000000000000000000000111111111111111111111110
00000000000000000000000000011111111111111111111110
00000000000000000000000000001111111111111111111110
00000000000000000000000000000111111111111111111110
00000000000000000000000000000011111111111111111110
00000000000000000000000000000001111111111111111110
00000000000000000000000000000000111111111111111110
00000000000000000000000000000000011111111111111110
00000000000000000000000000000000001111111111111110
00000000000000000000000000000000000111111111111110
00000000000000000000000000000000000011111111111110
00000000000000000000000000000000000001111111111110
00000000000000000000000000000000000000111111111110
00000000000000000000000000000000000000011111111110
00000000000000000000000000000000000000001111111110
00000000000000000000000000000000000000000111111110
00000000000000000000000000000000000000000011111110
00000000000000000000000000000000000000000001111110
00000000000000000000000000000000000000000000111110
00000000000000000000000000000000000000000000011110
00000000000000000000000000000000000000000000001110
00000000000000000000000000000000000000000000000110
00000000000000000000000000000000000000000000000010
00000000000000000000000000000000000000000000000001
00000000000000000000000000000000000000000000000000
Case #64: POSSIBLE
011111111111110
001111111111111
000111111111111
000011111111111
000001111111111
000000111111111
000000011111111
000000001111110
000000000111110
000000000011110
000000000001110
000000000000110
000000000000010
000000000000001
000000000000000
Case #65: POSSIBLE
0111
0011
0001
0000
Case #66: POSSIBLE
0111000
0011000
0001000
0000001
0000000
0000000
0000000
Case #67: POSSIBLE
0111110
0011111
0001111
0000111
0000010
0000001
0000000
Case #68: POSSIBLE
010
001
000
Case #69: POSSIBLE
011111111111111111111111111111111111111111000
001111111111111111111111111111111111111111000
000111111111111111111111111111111111111111001
000011111111111111111111111111111111111111001
000001111111111111111111111111111111111111001
000000111111111111111111111111111111111111000
000000011111111111111111111111111111111111001
000000001111111111111111111111111111111111001
000000000111111111111111111111111111111111000
000000000011111111111111111111111111111111001
000000000001111111111111111111111111111111000
000000000000111111111111111111111111111111000
000000000000011111111111111111111111111111001
000000000000001111111111111111111111111111001
000000000000000111111111111111111111111111000
000000000000000011111111111111111111111111000
000000000000000001111111111111111111111111000
000000000000000000111111111111111111111111000
000000000000000000011111111111111111111111001
000000000000000000001111111111111111111111001
000000000000000000000111111111111111111111001
000000000000000000000011111111111111111111001
000000000000000000000001111111111111111111000
000000000000000000000000111111111111111111001
000000000000000000000000011111111111111111000
000000000000000000000000001111111111111111000
000000000000000000000000000111111111111111001
000000000000000000000000000011111111111111000
000000000000000000000000000001111111111111000
000000000000000000000000000000111111111111000
000000000000000000000000000000011111111111001
000000000000000000000000000000001111111111000
000000000000000000000000000000000111111111001
000000000000000000000000000000000011111111001
000000000000000000000000000000000001111111000
000000000000000000000000000000000000111111000
000000000000000000000000000000000000011111001
000000000000000000000000000000000000001111000
000000000000000000000000000000000000000111001
000000000000000000000000000000000000000011001
000000000000000000000000000000000000000001000
000000000000000000000000000000000000000000001
000000000000000000000000000000000000000000000
000000000000000000000000000000000000000000000
000000000000000000000000000000000000000000000
Case #70: POSSIBLE
0111000
0011000
0001001
0000001
0000000
0000000
0000000
Case #71: POSSIBLE
0111100
0011101
0001101
0000100
0000001
0000000
0000000
Case #72: POSSIBLE
01111111111111111111111111111111111111111111111100
00111111111111111111111111111111111111111111111100
00011111111111111111111111111111111111111111111100
00001111111111111111111111111111111111111111111100
00000111111111111111111111111111111111111111111100
00000011111111111111111111111111111111111111111100
00000001111111111111111111111111111111111111111100
00000000111111111111111111111111111111111111111100
00000000011111111111111111111111111111111111111100
00000000001111111111111111111111111111111111111100
00000000000111111111111111111111111111111111111100
00000000000011111111111111111111111111111111111100
00000000000001111111111111111111111111111111111100
00000000000000111111111111111111111111111111111100
00000000000000011111111111111111111111111111111100
00000000000000001111111111111111111111111111111100
00000000000000000111111111111111111111111111111100
00000000000000000011111111111111111111111111111100
00000000000000000001111111111111111111111111111100
00000000000000000000111111111111111111111111111100
00000000000000000000011111111111111111111111111100
00000000000000000000001111111111111111111111111100
00000000000000000000000111111111111111111111111100
00000000000000000000000011111111111111111111111100
00000000000000000000000001111111111111111111111100
00000000000000000000000000111111111111111111111100
00000000000000000000000000011111111111111111111100
00000000000000000000000000001111111111111111111100
00000000000000000000000000000111111111111111111100
00000000000000000000000000000011111111111111111100
00000000000000000000000000000001111111111111111100
00000000000000000000000000000000111111111111111100
00000000000000000000000000000000011111111111111100
00000000000000000000000000000000001111111111111100
00000000000000000000000000000000000111111111111100
00000000000000000000000000000000000011111111111100
00000000000000000000000000000000000001111111111100
00000000000000000000000000000000000000111111111100
00000000000000000000000000000000000000011111111100
00000000000000000000000000000000000000001111111100
00000000000000000000000000000000000000000111111100
00000000000000000000000000000000000000000011111100
00000000000000000000000000000000000000000001111100
00000000000000000000000000000000000000000000111100
00000000000000000000000000000000000000000000011100
00000000000000000000000000000000000000000000001100
00000000000000000000000000000000000000000000000101
00000000000000000000000000000000000000000000000001
00000000000000000000000000000000000000000000000000
00000000000000000000000000000000000000000000000000
Case #73: POSSIBLE
0111000
0011001
0001000
0000001
0000000
0000000
0000000
Case #74: POSSIBLE
0111111111111111111111111111111111111111111111111
0011111111111111111111111111111111111111111111111
0001111111111111111111111111111111111111111111111
0000111111111111111111111111111111111111111111111
0000011111111111111111111111111111111111111111111
0000001111111111111111111111111111111111111111111
0000000111111111111111111111111111111111111111111
0000000011111111111111111111111111111111111111111
0000000001111111111111111111111111111111111111111
0000000000111111111111111111111111111111111111111
0000000000011111111111111111111111111111111111111
0000000000001111111111111111111111111111111111111
0000000000000111111111111111111111111111111111111
0000000000000011111111111111111111111111111111111
0000000000000001111111111111111111111111111111111
0000000000000000111111111111111111111111111111111
0000000000000000011111111111111111111111111111111
0000000000000000001111111111111111111111111111111
0000000000000000000111111111111111111111111111111
0000000000000000000011111111111111111111111111111
0000000000000000000001111111111111111111111111111
0000000000000000000000111111111111111111111111111
0000000000000000000000011111111111111111111111111
0000000000000000000000001111111111111111111111111
0000000000000000000000000111111111111111111111111
0000000000000000000000000011111111111111111111111
0000000000000000000000000001111111111111111111111
0000000000000000000000000000111111111111111111111
0000000000000000000000000000011111111111111111111
0000000000000000000000000000001111111111111111111
0000000000000000000000000000000111111111111111111
0000000000000000000000000000000011111111111111111
0000000000000000000000000000000001111111111111111
0000000000000000000000000000000000111111111111111
0000000000000000000000000000000000011111111111111
0000000000000000000000000000000000001111111111111
0000000000000000000000000000000000000111111111111
0000000000000000000000000000000000000011111111111
0000000000000000000000000000000000000001111111111
0000000000000000000000000000000000000000111111111
0000000000000000000000000000000000000000011111111
0000000000000000000000000000000000000000001111111
0000000000000000000000000000000000000000000111111
0000000000000000000000000000000000000000000011111
0000000000000000000000000000000000000000000001111
0000000000000000000000000000000000000000000000111
0000000000000000000000000000000000000000000000011
0000000000000000000000000000000000000000000000001
0000000000000000000000000000000000000000000000000
Case #75: POSSIBLE
0111110
0011110
0001111
0000111
0000010
0000001
0000000
Case #76: POSSIBLE
0111110
0011110
0001111
0000110
0000010
0000001
0000000
Case #77: POSSIBLE
0111100
0011101
0001100
0000100
0000001
0000000
0000000
Case #78: POSSIBLE
0111110
0011110
0001110
0000111
0000010
0000001
0000000
Case #79: POSSIBLE
011111111111111111111111110
001111111111111111111111111
000111111111111111111111111
000011111111111111111111111
000001111111111111111111110
000000111111111111111111111
000000011111111111111111110
000000001111111111111111111
000000000111111111111111110
000000000011111111111111111
000000000001111111111111111
000000000000111111111111110
000000000000011111111111110
000000000000001111111111110
000000000000000111111111110
000000000000000011111111110
000000000000000001111111110
000000000000000000111111110
000000000000000000011111111
000000000000000000001111110
000000000000000000000111111
000000000000000000000011111
000000000000000000000001110
000000000000000000000000111
000000000000000000000000010
000000000000000000000000001
000000000000000000000000000
Case #80: POSSIBLE
0111110
0011111
0001111
0000110
0000010
0000001
0000000
Case #81: IMPOSSIBLE
Case #82: POSSIBLE
011111111111111111111000
001111111111111111111000
000111111111111111111001
000011111111111111111000
000001111111111111111000
000000111111111111111001
000000011111111111111001
000000001111111111111001
000000000111111111111000
000000000011111111111000
000000000001111111111000
000000000000111111111001
000000000000011111111001
000000000000001111111000
000000000000000111111000
000000000000000011111001
000000000000000001111001
000000000000000000111001
000000000000000000011000
000000000000000000001000
000000000000000000000001
000000000000000000000000
000000000000000000000000
000000000000000000000000
Case #83: POSSIBLE
01111111111111111111111111111111111111111111111111
00111111111111111111111111111111111111111111111111
00011111111111111111111111111111111111111111111111
00001111111111111111111111111111111111111111111111
00000111111111111111111111111111111111111111111111
00000011111111111111111111111111111111111111111111
00000001111111111111111111111111111111111111111111
00000000111111111111111111111111111111111111111111
00000000011111111111111111111111111111111111111111
00000000001111111111111111111111111111111111111111
00000000000111111111111111111111111111111111111111
00000000000011111111111111111111111111111111111111
00000000000001111111111111111111111111111111111111
00000000000000111111111111111111111111111111111111
00000000000000011111111111111111111111111111111111
00000000000000001111111111111111111111111111111111
00000000000000000111111111111111111111111111111111
00000000000000000011111111111111111111111111111111
00000000000000000001111111111111111111111111111111
00000000000000000000111111111111111111111111111111
00000000000000000000011111111111111111111111111111
00000000000000000000001111111111111111111111111111
00000000000000000000000111111111111111111111111111
00000000000000000000000011111111111111111111111111
00000000000000000000000001111111111111111111111111
00000000000000000000000000111111111111111111111111
00000000000000000000000000011111111111111111111111
00000000000000000000000000001111111111111111111111
00000000000000000000000000000111111111111111111111
00000000000000000000000000000011111111111111111111
00000000000000000000000000000001111111111111111111
00000000000000000000000000000000111111111111111111
00000000000000000000000000000000011111111111111111
00000000000000000000000000000000001111111111111111
00000000000000000000000000000000000111111111111111
00000000000000000000000000000000000011111111111111
00000000000000000000000000000000000001111111111111
00000000000000000000000000000000000000111111111111
00000000000000000000000000000000000000011111111111
00000000000000000000000000000000000000001111111111
00000000000000000000000000000000000000000111111111
00000000000000000000000000000000000000000011111111
00000000000000000000000000000000000000000001111111
00000000000000000000000000000000000000000000111111
00000000000000000000000000000000000000000000011111
00000000000000000000000000000000000000000000001111
00000000000000000000000000000000000000000000000111
00000000000000000000000000000000000000000000000011
00000000000000000000000000000000000000000000000001
00000000000000000000000000000000000000000000000000
Case #84: POSSIBLE
0111111111111111111111111111111111111111110
0011111111111111111111111111111111111111111
0001111111111111111111111111111111111111110
0000111111111111111111111111111111111111110
0000011111111111111111111111111111111111110
0000001111111111111111111111111111111111111
0000000111111111111111111111111111111111110
0000000011111111111111111111111111111111111
0000000001111111111111111111111111111111110
0000000000111111111111111111111111111111111
0000000000011111111111111111111111111111110
0000000000001111111111111111111111111111111
0000000000000111111111111111111111111111111
0000000000000011111111111111111111111111111
0000000000000001111111111111111111111111110
0000000000000000111111111111111111111111110
0000000000000000011111111111111111111111110
0000000000000000001111111111111111111111110
0000000000000000000111111111111111111111111
0000000000000000000011111111111111111111110
0000000000000000000001111111111111111111110
0000000000000000000000111111111111111111110
0000000000000000000000011111111111111111111
0000000000000000000000001111111111111111110
0000000000000000000000000111111111111111110
0000000000000000000000000011111111111111110
0000000000000000000000000001111111111111110
0000000000000000000000000000111111111111111
0000000000000000000000000000011111111111110
0000000000000000000000000000001111111111110
0000000000000000000000000000000111111111110
0000000000000000000000000000000011111111111
0000000000000000000000000000000001111111110
0000000000000000000000000000000000111111111
0000000000000000000000000000000000011111111
0000000000000000000000000000000000001111110
0000000000000000000000000000000000000111111
0000000000000000000000000000000000000011111
0000000000000000000000000000000000000001111
0000000000000000000000000000000000000000110
0000000000000000000000000000000000000000011
0000000000000000000000000000000000000000001
0000000000000000000000000000000000000000000
Case #85: POSSIBLE
0110000
0010001
0000001
0000000
0000000
0000000
0000000
Case #86: POSSIBLE
0111110
0011111
0001110
0000111
0000011
0000001
0000000
Case #87: POSSIBLE
01111111111111111111111111111111111111111111111110
00111111111111111111111111111111111111111111111111
00011111111111111111111111111111111111111111111111
00001111111111111111111111111111111111111111111111
00000111111111111111111111111111111111111111111111
00000011111111111111111111111111111111111111111111
00000001111111111111111111111111111111111111111111
00000000111111111111111111111111111111111111111111
00000000011111111111111111111111111111111111111111
00000000001111111111111111111111111111111111111111
00000000000111111111111111111111111111111111111111
00000000000011111111111111111111111111111111111111
00000000000001111111111111111111111111111111111111
00000000000000111111111111111111111111111111111111
00000000000000011111111111111111111111111111111111
00000000000000001111111111111111111111111111111111
00000000000000000111111111111111111111111111111111
00000000000000000011111111111111111111111111111111
00000000000000000001111111111111111111111111111111
00000000000000000000111111111111111111111111111111
00000000000000000000011111111111111111111111111111
00000000000000000000001111111111111111111111111111
00000000000000000000000111111111111111111111111111
00000000000000000000000011111111111111111111111111
00000000000000000000000001111111111111111111111111
00000000000000000000000000111111111111111111111111
00000000000000000000000000011111111111111111111111
00000000000000000000000000001111111111111111111111
00000000000000000000000000000111111111111111111111
00000000000000000000000000000011111111111111111111
00000000000000000000000000000001111111111111111111
00000000000000000000000000000000111111111111111111
00000000000000000000000000000000011111111111111111
00000000000000000000000000000000001111111111111111
00000000000000000000000000000000000111111111111111
00000000000000000000000000000000000011111111111111
00000000000000000000000000000000000001111111111111
00000000000000000000000000000000000000111111111111
00000000000000000000000000000000000000011111111111
00000000000000000000000000000000000000001111111111
00000000000000000000000000000000000000000111111111
00000000000000000000000000000000000000000011111111
00000000000000000000000000000000000000000001111111
00000000000000000000000000000000000000000000111111
00000000000000000000000000000000000000000000011111
00000000000000000000000000000000000000000000001111
00000000000000000000000000000000000000000000000111
00000000000000000000000000000000000000000000000011
00000000000000000000000000000000000000000000000001
00000000000000000000000000000000000000000000000000
Case #88: POSSIBLE
0111110
0011111
0001110
0000111
0000010
0000001
0000000
Case #89: POSSIBLE
0111111
0011111
0001111
0000111
0000011
0000001
0000000
Case #90: IMPOSSIBLE
Case #91: POSSIBLE
011
001
000
Case #92: POSSIBLE
011111111111111111111111111110000000
001111111111111111111111111110000000
000111111111111111111111111110000000
000011111111111111111111111110000001
000001111111111111111111111110000000
000000111111111111111111111110000001
000000011111111111111111111110000000
000000001111111111111111111110000000
000000000111111111111111111110000001
000000000011111111111111111110000001
000000000001111111111111111110000001
000000000000111111111111111110000001
000000000000011111111111111110000000
000000000000001111111111111110000000
000000000000000111111111111110000000
000000000000000011111111111110000000
000000000000000001111111111110000001
000000000000000000111111111110000000
000000000000000000011111111110000001
000000000000000000001111111110000001
000000000000000000000111111110000000
000000000000000000000011111110000000
000000000000000000000001111110000001
000000000000000000000000111110000000
000000000000000000000000011110000000
000000000000000000000000001110000001
000000000000000000000000000110000001
000000000000000000000000000010000001
000000000000000000000000000000000001
000000000000000000000000000000000000
000000000000000000000000000000000000
000000000000000000000000000000000000
000000000000000000000000000000000000
000000000000000000000000000000000000
000000000000000000000000000000000000
000000000000000000000000000000000000
Case #93: POSSIBLE
011111111110000
001111111110000
000111111110001
000011111110000
000001111110001
000000111110000
000000011110001
000000001110001
000000000110000
000000000010001
000000000000001
000000000000000
000000000000000
000000000000000
000000000000000
Case #94: POSSIBLE
0111100
0011100
0001100
0000100
0000001
0000000
0000000
Case #95: POSSIBLE
01111111111100
00111111111101
00011111111100
00001111111100
00000111111101
00000011111100
00000001111100
00000000111101
00000000011100
00000000001100
00000000000101
00000000000001
00000000000000
00000000000000
Case #96: POSSIBLE
011111111111111111111111100
001111111111111111111111101
000111111111111111111111101
000011111111111111111111100
000001111111111111111111101
000000111111111111111111101
000000011111111111111111101
000000001111111111111111100
000000000111111111111111100
000000000011111111111111101
000000000001111111111111100
000000000000111111111111100
000000000000011111111111100
000000000000001111111111101
000000000000000111111111100
000000000000000011111111101
000000000000000001111111101
000000000000000000111111101
000000000000000000011111100
000000000000000000001111101
000000000000000000000111100
000000000000000000000011100
000000000000000000000001100
000000000000000000000000101
000000000000000000000000001
000000000000000000000000000
000000000000000000000000000
Case #97: IMPOSSIBLE
Case #98: IMPOSSIBLE
Case #99: POSSIBLE
0110
0010
0001
0000
Case #100: POSSIBLE
01111111111111111111111111110
00111111111111111111111111111
00011111111111111111111111110
00001111111111111111111111111
00000111111111111111111111110
00000011111111111111111111110
00000001111111111111111111110
00000000111111111111111111110
00000000011111111111111111110
00000000001111111111111111111
00000000000111111111111111111
00000000000011111111111111110
00000000000001111111111111111
00000000000000111111111111110
00000000000000011111111111111
00000000000000001111111111110
00000000000000000111111111111
00000000000000000011111111110
00000000000000000001111111110
00000000000000000000111111110
00000000000000000000011111110
00000000000000000000001111111
00000000000000000000000111111
00000000000000000000000011110
00000000000000000000000001111
00000000000000000000000000111
00000000000000000000000000010
00000000000000000000000000001
00000000000000000000000000000
